Starting project at E:\Belajar Coding\AssetCheckMobile
React Compiler enabled
Metro is running in CI mode, reloads are disabled. Remove CI=true to enable watch mode.
Starting Metro Bundler
Waiting on http://localhost:8082
Logs for your project will appear below.
λ Bundled 1682ms node_modules\expo-router\node\render.js (1124 modules)
Web node_modules\expo-router\entry.js ▓▓▓▓▓▓▓▓▓▓▓▓▓▓▓░ 99.9% (1173/1173)
Web Bundled 3442ms node_modules\expo-router\entry.js (1173 modules)
Web node_modules\expo-router\entry.js ░░░░░░░░░░░░░░░░  0.0% (0/1)
λ Bundled 31ms node_modules\expo-router\node\render.js (1 module)
Web Bundled 567ms node_modules\expo-router\entry.js (1 module)
Web node_modules\expo-router\entry.js ░░░░░░░░░░░░░░░░  0.0% (0/1)
λ Bundled 31ms node_modules\expo-router\node\render.js (1 module)
Web Bundled 444ms node_modules\expo-router\entry.js (1 module)
Web node_modules\expo-router\entry.js ░░░░░░░░░░░░░░░░  0.0% (0/1)
λ Bundled 72ms node_modules\expo-router\node\render.js (1 module)
Web Bundled 711ms node_modules\expo-router\entry.js (1 module)
λ Bundled 98ms node_modules\expo-router\node\render.js (1 module)
Web Bundled 624ms node_modules\expo-router\entry.js (1 module)
λ Bundled 38ms node_modules\expo-router\node\render.js (1 module)
Web Bundled 428ms node_modules\expo-router\entry.js (1 module)
Web node_modules\expo-router\entry.js ▓▓▓▓▓▓▓░░░░░░░░░ 49.5% (454/645)
Web Bundled 575ms node_modules\expo-router\entry.js (1174 modules)
 LOG  [web] Logs will appear in the browser console
